-------------------------------------------------------------------------------
Test set: com.mycompany.app.AppTest
-------------------------------------------------------------------------------
Tests run: 1, Failures: 1, Errors: 0, Skipped: 0, Time elapsed: 0.027 s <<< FAILURE! - in com.mycompany.app.AppTest
threePlusFiveEqualsEight(com.mycompany.app.AppTest)  Time elapsed: 0.005 s  <<< FAILURE!
java.lang.AssertionError: expected:<8> but was:<10>
	at com.mycompany.app.AppTest.threePlusFiveEqualsEight(AppTest.java:20)

